========================================
 MIGRATION LOG
========================================
 Fecha     : 2026-06-11 21:24:28
 Entorno   : local
 Directorio: F:\www\web\sigaInv
 SkipSeed  : False
 Force     : False
========================================

 Ejecutando: php artisan migrate:fresh --force --seed
----------------------------------------

  Dropping all tables ........................................................................................ 2s DONE

   INFO  Preparing database.  

  Creating migration table ............................................................................. 802.72ms DONE

   INFO  Running migrations.  

  0001_01_01_000000_create_users_table ....................................................................... 4s DONE
  0001_01_01_000001_create_cache_table ................................................................. 768.01ms DONE
  0001_01_01_000002_create_jobs_table ........................................................................ 2s DONE
  0001_01_01_000003_create_permission_tables ........................................................... 652.10ms DONE
  0001_01_01_000004_create_departamentos_table .......................................................... 44.81ms DONE
  0001_01_01_000005_create_ciudades_table ............................................................... 94.99ms DONE
  0001_01_01_000006_create_clientes_table .............................................................. 389.60ms DONE
  0001_01_01_000007_create_proveedores_table ........................................................... 287.80ms DONE
  0001_01_01_000008_create_empresa_table ............................................................... 170.69ms DONE
  2025_05_25_041509_create_auditorias_table ............................................................ 179.09ms DONE
  2026_02_24_010100_create_unidades_medida_table ........................................................ 15.31ms DONE
  2026_02_24_010200_create_categorias_table ............................................................. 68.34ms DONE
  2026_02_24_010300_create_marcas_table ................................................................. 73.22ms DONE
  2026_02_24_010400_create_impuestos_table .............................................................. 25.46ms DONE
  2026_02_24_010500_create_formas_pago_table ............................................................ 35.36ms DONE
  2026_02_24_010600_create_numeraciones_table ........................................................... 39.42ms DONE
  2026_02_24_020100_create_bancos_table ................................................................ 134.79ms DONE
  2026_02_24_020200_create_bodegas_table ............................................................... 218.51ms DONE
  2026_02_24_030100_create_productos_table ............................................................. 574.04ms DONE
  2026_02_24_030200_create_stock_bodegas_table ......................................................... 232.22ms DONE
  2026_02_24_030201_create_stock_bodega_lotes_table .................................................... 104.53ms DONE
  2026_02_24_030202_create_stock_bodega_serials_table ................................................... 89.99ms DONE
  2026_02_24_030300_create_movimientos_inventario_table ................................................ 429.72ms DONE
  2026_02_24_040100_create_cotizaciones_table .......................................................... 353.91ms DONE
  2026_02_24_040200_create_detalle_cotizaciones_table .................................................. 249.85ms DONE
  2026_02_24_040300_create_remisiones_table ............................................................ 460.07ms DONE
  2026_02_24_040400_create_detalle_remisiones_table .................................................... 249.73ms DONE
  2026_02_24_040500_create_ventas_table ................................................................ 498.69ms DONE
  2026_02_24_040600_create_detalle_ventas_table ........................................................ 309.65ms DONE
  2026_02_24_040700_create_compras_table ............................................................... 434.92ms DONE
  2026_02_24_040800_create_detalle_compras_table ....................................................... 368.66ms DONE
  2026_02_24_040900_create_cajas_table ................................................................. 134.10ms DONE
  2026_02_24_041000_create_movimientos_cajas_table ..................................................... 384.59ms DONE
  2026_02_24_050100_create_pago_clientes_table ......................................................... 646.99ms DONE
  2026_02_24_050200_create_pago_proveedores_table ...................................................... 662.14ms DONE
  2026_02_24_050300_create_movimientos_bancos_table .................................................... 441.81ms DONE
  2026_02_24_060100_create_historico_precios_table ..................................................... 301.56ms DONE
  2026_02_28_500000_create_formula_transformaciones_table .............................................. 448.01ms DONE
  2026_03_01_000002_create_auditoria_documentos_table .................................................. 161.58ms DONE
  2026_03_02_000000_create_transformaciones_tables ..................................................... 595.03ms DONE
  2026_03_04_000001_create_traslados_tables ............................................................ 537.95ms DONE
  2026_03_07_100000_create_notifications_table .......................................................... 52.13ms DONE
  2026_03_11_000001_create_devoluciones_table .......................................................... 315.94ms DONE
  2026_03_11_000002_create_detalles_devoluciones_table ................................................. 186.58ms DONE
  2026_03_11_000003_create_movimientos_saldo_cliente_table ............................................. 277.75ms DONE
  2026_03_16_000001_create_ajustes_inventario_table .................................................... 222.20ms DONE
  2026_03_16_000002_create_detalle_ajustes_inventario_table ............................................ 176.15ms DONE
  2026_03_16_000003_create_conteos_fisicos_table ....................................................... 266.61ms DONE
  2026_03_16_000004_create_detalle_conteos_fisicos_table ............................................... 316.72ms DONE
  2026_04_11_042705_create_personal_access_tokens_table ................................................. 73.80ms DONE
  2026_05_04_005733_create_producto_proveedor_codigos_table ............................................ 181.17ms DONE
  2026_05_04_010431_create_notas_tables ................................................................ 465.05ms DONE
  2026_05_10_021951_create_imports_table ................................................................ 97.79ms DONE
  2026_05_10_021952_create_exports_table ............................................................... 155.43ms DONE
  2026_05_10_021953_create_failed_import_rows_table ..................................................... 80.68ms DONE
  2026_05_13_182218_create_devolucion_compras_table .................................................... 508.24ms DONE
  2026_05_20_000002_drop_logo_email_url_from_empresa .................................................... 15.26ms DONE
  2026_06_02_173842_create_turnos_table ................................................................ 261.82ms DONE


   INFO  Seeding database.  

  Database\Seeders\RoleSeeder ................................................................................ RUNNING  
Roles y permisos granulares creados correctamente.
  Database\Seeders\RoleSeeder .......................................................................... 1,958 ms DONE  

  Database\Seeders\UserSeeder ................................................................................ RUNNING  
Usuario protegido creado: joseforozco@gmail.com
Usuario auxiliar creado: auxiliar@sigainv.test
Usuario contador creado: contador@sigainv.test
Usuario vendedor creado: vendedor@sigainv.test
Usuarios de prueba creados correctamente.
Contraseña por defecto para todos: "password"
  Database\Seeders\UserSeeder .......................................................................... 2,454 ms DONE  

  Database\Seeders\DepartamentosSeeder ....................................................................... RUNNING  
  Database\Seeders\DepartamentosSeeder ..................................................................... 4 ms DONE  

  Database\Seeders\CiudadesSeeder ............................................................................ RUNNING  
  Database\Seeders\ciudades\AmazonasSeeder ................................................................... RUNNING  
10 ciudades insertadas en el departamento del Amazonas.
  Database\Seeders\ciudades\AmazonasSeeder ................................................................ 27 ms DONE  

  Database\Seeders\ciudades\AntioquiaSeeder .................................................................. RUNNING  
117 ciudades insertadas en el departamento de Antioquia.
  Database\Seeders\ciudades\AntioquiaSeeder .............................................................. 277 ms DONE  

  Database\Seeders\ciudades\AraucaSeeder ..................................................................... RUNNING  
7 ciudades insertadas en el departamento de Arauca.
  Database\Seeders\ciudades\AraucaSeeder .................................................................. 13 ms DONE  

  Database\Seeders\ciudades\AtlanticoSeeder .................................................................. RUNNING  
39 ciudades insertadas en el departamento de Atlántico.
  Database\Seeders\ciudades\AtlanticoSeeder ............................................................... 77 ms DONE  

  Database\Seeders\ciudades\BogotaSeeder ..................................................................... RUNNING  
Se insertó la ciudad BOGOTÁ.
  Database\Seeders\ciudades\BogotaSeeder ................................................................... 6 ms DONE  

  Database\Seeders\ciudades\BolivarSeeder .................................................................... RUNNING  
44 ciudades insertadas en el departamento de Bolívar.
  Database\Seeders\ciudades\BolivarSeeder ................................................................ 106 ms DONE  

  Database\Seeders\ciudades\BoyacaSeeder ..................................................................... RUNNING  
109 ciudades insertadas en el departamento de Boyacá.
  Database\Seeders\ciudades\BoyacaSeeder ................................................................. 191 ms DONE  

  Database\Seeders\ciudades\CaldasSeeder ..................................................................... RUNNING  
44 ciudades insertadas en el departamento de Caldas.
  Database\Seeders\ciudades\CaldasSeeder .................................................................. 90 ms DONE  

  Database\Seeders\ciudades\CaquetaSeeder .................................................................... RUNNING  
17 ciudades insertadas en el departamento de Caquetá.
  Database\Seeders\ciudades\CaquetaSeeder ................................................................. 25 ms DONE  

  Database\Seeders\ciudades\CasanareSeeder ................................................................... RUNNING  
22 ciudades insertadas en el departamento de Casanare.
  Database\Seeders\ciudades\CasanareSeeder ................................................................ 39 ms DONE  

  Database\Seeders\ciudades\CaucaSeeder ...................................................................... RUNNING  
43 ciudades insertadas en el departamento del Cauca.
  Database\Seeders\ciudades\CaucaSeeder ................................................................... 74 ms DONE  

  Database\Seeders\ciudades\CesarSeeder ...................................................................... RUNNING  
23 ciudades insertadas en el departamento del Cesar.
  Database\Seeders\ciudades\CesarSeeder ................................................................... 60 ms DONE  

  Database\Seeders\ciudades\ChocoSeeder ...................................................................... RUNNING  
35 ciudades insertadas en el departamento del Chocó.
  Database\Seeders\ciudades\ChocoSeeder ................................................................... 58 ms DONE  

  Database\Seeders\ciudades\CordobaSeeder .................................................................... RUNNING  
29 ciudades insertadas en el departamento de Córdoba.
  Database\Seeders\ciudades\CordobaSeeder ................................................................. 50 ms DONE  

  Database\Seeders\ciudades\CundinamarcaSeeder ............................................................... RUNNING  
100 ciudades insertadas en el departamento de Cundinamarca.
  Database\Seeders\ciudades\CundinamarcaSeeder ........................................................... 176 ms DONE  

  Database\Seeders\ciudades\GuainiaSeeder .................................................................... RUNNING  
10 ciudades insertadas en el departamento de Guainía.
  Database\Seeders\ciudades\GuainiaSeeder ................................................................. 17 ms DONE  

  Database\Seeders\ciudades\GuaviareSeeder ................................................................... RUNNING  
10 ciudades insertadas en el departamento del Guaviare.
  Database\Seeders\ciudades\GuaviareSeeder ................................................................ 17 ms DONE  

  Database\Seeders\ciudades\HuilaSeeder ...................................................................... RUNNING  
45 ciudades insertadas en el departamento del Huila.
  Database\Seeders\ciudades\HuilaSeeder ................................................................... 85 ms DONE  

  Database\Seeders\ciudades\LaGuajiraSeeder .................................................................. RUNNING  
25 ciudades insertadas en el departamento de La Guajira.
  Database\Seeders\ciudades\LaGuajiraSeeder ............................................................... 44 ms DONE  

  Database\Seeders\ciudades\MagdalenaSeeder .................................................................. RUNNING  
35 ciudades insertadas en el departamento del Magdalena.
  Database\Seeders\ciudades\MagdalenaSeeder ............................................................... 67 ms DONE  

  Database\Seeders\ciudades\MetaSeeder ....................................................................... RUNNING  
47 ciudades insertadas en el departamento del Meta.
  Database\Seeders\ciudades\MetaSeeder .................................................................... 86 ms DONE  

  Database\Seeders\ciudades\NarinoSeeder ..................................................................... RUNNING  
66 ciudades insertadas en el departamento de Nariño.
  Database\Seeders\ciudades\NarinoSeeder ................................................................. 131 ms DONE  

  Database\Seeders\ciudades\NorteDeSantanderSeeder ........................................................... RUNNING  
38 ciudades insertadas en el departamento de Norte de Santander.
  Database\Seeders\ciudades\NorteDeSantanderSeeder ....................................................... 116 ms DONE  

  Database\Seeders\ciudades\PutumayoSeeder ................................................................... RUNNING  
22 ciudades insertadas en el departamento de Putumayo.
  Database\Seeders\ciudades\PutumayoSeeder ................................................................ 40 ms DONE  

  Database\Seeders\ciudades\QuindioSeeder .................................................................... RUNNING  
14 ciudades insertadas en el departamento del Quindío.
  Database\Seeders\ciudades\QuindioSeeder ................................................................. 25 ms DONE  

  Database\Seeders\ciudades\RisaraldaSeeder .................................................................. RUNNING  
24 ciudades insertadas en el departamento de Risaralda.
  Database\Seeders\ciudades\RisaraldaSeeder ............................................................... 40 ms DONE  

  Database\Seeders\ciudades\SanAndresSeeder .................................................................. RUNNING  
10 ciudades insertadas en el departamento de San Andrés y Providencia.
  Database\Seeders\ciudades\SanAndresSeeder ............................................................... 18 ms DONE  

  Database\Seeders\ciudades\SantanderSeeder .................................................................. RUNNING  
85 ciudades insertadas en el departamento de Santander.
  Database\Seeders\ciudades\SantanderSeeder .............................................................. 144 ms DONE  

  Database\Seeders\ciudades\SucreSeeder ...................................................................... RUNNING  
30 ciudades insertadas en el departamento de Sucre.
  Database\Seeders\ciudades\SucreSeeder ................................................................... 54 ms DONE  

  Database\Seeders\ciudades\TolimaSeeder ..................................................................... RUNNING  
42 ciudades insertadas en el departamento del Tolima.
  Database\Seeders\ciudades\TolimaSeeder .................................................................. 71 ms DONE  

  Database\Seeders\ciudades\ValleDelCaucaSeeder .............................................................. RUNNING  
38 ciudades insertadas en el departamento del Valle del Cauca.
  Database\Seeders\ciudades\ValleDelCaucaSeeder ........................................................... 73 ms DONE  

  Database\Seeders\ciudades\VaupesSeeder ..................................................................... RUNNING  
10 ciudades insertadas en el departamento de Vaupés.
  Database\Seeders\ciudades\VaupesSeeder .................................................................. 20 ms DONE  

  Database\Seeders\ciudades\VichadaSeeder .................................................................... RUNNING  
10 ciudades insertadas en el departamento de Vichada.
  Database\Seeders\ciudades\VichadaSeeder ................................................................. 23 ms DONE  

  Database\Seeders\CiudadesSeeder ...................................................................... 3,242 ms DONE  

  Database\Seeders\ClientesSeeder ............................................................................ RUNNING  
  Database\Seeders\ClientesSeeder ......................................................................... 55 ms DONE  

  Database\Seeders\ProveedoresSeeder ......................................................................... RUNNING  
  Database\Seeders\ProveedoresSeeder ...................................................................... 30 ms DONE  

  Database\Seeders\NumeracionesSeeder ........................................................................ RUNNING  
  Database\Seeders\NumeracionesSeeder ..................................................................... 67 ms DONE  

  Database\Seeders\UnidadesMedidaSeeder ...................................................................... RUNNING  
  Database\Seeders\UnidadesMedidaSeeder ................................................................... 61 ms DONE  

  Database\Seeders\ImpuestosSeeder ........................................................................... RUNNING  
  Database\Seeders\ImpuestosSeeder ........................................................................ 28 ms DONE  

  Database\Seeders\FormasPagoSeeder .......................................................................... RUNNING  
  Database\Seeders\FormasPagoSeeder ....................................................................... 22 ms DONE  

  Database\Seeders\BodegasSeeder ............................................................................. RUNNING  
  Database\Seeders\BodegasSeeder .......................................................................... 57 ms DONE  

  Database\Seeders\CajasSeeder ............................................................................... RUNNING  
  Database\Seeders\CajasSeeder ............................................................................ 58 ms DONE  

✓ Seeders ejecutados correctamente.
----------------------------------------
 ExitCode  : 0 (OK)
 Duracion  : 95,08s
 Log       : F:\www\web\sigaInv\logs\migration_20260611_212428.log
========================================
