========================================
 MIGRATION LOG
========================================
 Fecha     : 2026-05-06 22:41:22
 Entorno   : local
 Directorio: D:\www\Web\sigaInv
 SkipSeed  : False
 Force     : False
========================================

 Ejecutando: php artisan migrate:fresh --force --seed
----------------------------------------

  Dropping all tables ........................................... 32s DONE

   INFO  Preparing database.  

  Creating migration table ................................. 993.83ms DONE

   INFO  Running migrations.  

  0001_01_01_000000_create_users_table ........................... 3s DONE
  0001_01_01_000001_create_cache_table ........................... 2s DONE
  0001_01_01_000002_create_jobs_table ............................ 4s DONE
  0001_01_01_000003_create_permission_tables .................... 16s DONE
  0001_01_01_000004_create_departamentos_table ................... 1s DONE
  0001_01_01_000005_create_ciudades_table ........................ 3s DONE
  0001_01_01_000006_create_clientes_table ....................... 11s DONE
  0001_01_01_000007_create_proveedores_table ..................... 9s DONE
  0001_01_01_000008_create_empresa_table ......................... 6s DONE
  2025_05_25_041509_create_auditorias_table ...................... 6s DONE
  2026_02_24_010100_create_unidades_medida_table ........... 750.41ms DONE
  2026_02_24_010200_create_categorias_table ...................... 3s DONE
  2026_02_24_010300_create_marcas_table .......................... 1s DONE
  2026_02_24_010400_create_impuestos_table ................. 732.69ms DONE
  2026_02_24_010500_create_formas_pago_table ..................... 1s DONE
  2026_02_24_010600_create_numeraciones_table .................... 1s DONE
  2026_02_24_020100_create_bancos_table .......................... 4s DONE
  2026_02_24_020200_create_bodegas_table ........................ 10s DONE
  2026_02_24_030100_create_productos_table ...................... 20s DONE
  2026_02_24_030200_create_stock_bodegas_table ................... 8s DONE
  2026_02_24_030201_create_stock_bodega_lotes_table .............. 4s DONE
  2026_02_24_030202_create_stock_bodega_serials_table ............ 6s DONE
  2026_02_24_030300_create_movimientos_inventario_table ......... 14s DONE
  2026_02_24_040100_create_cotizaciones_table ................... 12s DONE
  2026_02_24_040200_create_detalle_cotizaciones_table ........... 11s DONE
  2026_02_24_040300_create_remisiones_table ..................... 15s DONE
  2026_02_24_040400_create_detalle_remisiones_table ............. 10s DONE
  2026_02_24_040500_create_ventas_table ......................... 19s DONE
  2026_02_24_040600_create_detalle_ventas_table ................. 11s DONE
  2026_02_24_040700_create_compras_table ........................ 13s DONE
  2026_02_24_040800_create_detalle_compras_table ................ 10s DONE
  2026_02_24_050100_create_pago_clientes_table .................. 18s DONE
  2026_02_24_050200_create_pago_proveedores_table ............... 22s DONE
  2026_02_24_050300_create_movimientos_bancos_table ............. 12s DONE
  2026_02_24_060100_create_historico_precios_table .............. 11s DONE
  2026_02_28_500000_create_formula_transformaciones_table ....... 16s DONE
  2026_03_01_000002_create_auditoria_documentos_table ............ 3s DONE
  2026_03_02_000000_create_transformaciones_tables .............. 22s DONE
  2026_03_04_000001_create_traslados_tables ..................... 18s DONE
  2026_03_05_000001_create_cajas_table ........................... 4s DONE
  2026_03_05_000002_create_movimientos_cajas_table .............. 10s DONE
  2026_03_07_100000_create_notifications_table ................... 1s DONE
  2026_03_11_000001_create_devoluciones_table .................... 8s DONE
  2026_03_11_000002_create_detalles_devoluciones_table ........... 9s DONE
  2026_03_11_000003_create_movimientos_saldo_cliente_table ....... 8s DONE
  2026_03_16_000001_create_ajustes_inventario_table .............. 9s DONE
  2026_03_16_000002_create_detalle_ajustes_inventario_table ...... 7s DONE
  2026_03_16_000003_create_conteos_fisicos_table ................. 9s DONE
  2026_03_16_000004_create_detalle_conteos_fisicos_table ........ 11s DONE
  2026_04_11_042705_create_personal_access_tokens_table .......... 2s DONE
  2026_05_04_005733_create_producto_proveedor_codigos_table ...... 7s DONE
  2026_05_04_010431_create_notas_tables ......................... 16s DONE
  2026_05_05_202552_add_avatar_url_to_users_table .......... 661.28ms DONE
  2026_05_05_202552_add_custom_fields_to_users_table ......... 4.89ms FAIL

   Illuminate\Database\QueryException 

  SQLSTATE[42S21]: Column already exists: 1060 Duplicate column name 'custom_fields' (Connection: mysql, Host: localhost, Port: 3306, Database: sigainv, SQL: alter table `users` add `custom_fields` json null)

  at vendor\laravel\framework\src\Illuminate\Database\Connection.php:841
    837▕             $exceptionType = ($isUniqueConstraintError = $this->isUniqueConstraintError($e))
    838▕                 ? UniqueConstraintViolationException::class
    839▕                 : QueryException::class;
    840▕ 
  ➜ 841▕             $exception = new $exceptionType(
    842▕                 $this->getNameWithReadWriteType(),
    843▕                 $query,
    844▕                 $this->prepareBindings($bindings),
    845▕                 $e,

  1   vendor\laravel\framework\src\Illuminate\Database\Connection.php:587
      PDOException::("SQLSTATE[42S21]: Column already exists: 1060 Duplicate column name 'custom_fields'")

  2   vendor\laravel\framework\src\Illuminate\Database\Connection.php:587
      PDOStatement::execute()

----------------------------------------
 ExitCode  : 1 (FALLO)
 Duracion  : 522,77s
 Log       : D:\www\Web\sigaInv\logs\migration_20260506_224122.log
========================================
