========================================
 MIGRATION LOG
========================================
 Fecha     : 2026-03-20 01:10:05
 Entorno   : local
 Directorio: D:\www\Web\sigaInv
 SkipSeed  : False
 Force     : False
========================================

 Ejecutando: php artisan migrate:fresh --force --seed
----------------------------------------

  Dropping all tables .................................................................................... 1m 37s DONE

   INFO  Preparing database.  

  Creating migration table ............................................................................. 392.52ms DONE

   INFO  Running migrations.  

  0001_01_01_000000_create_users_table ....................................................................... 1s DONE
  0001_01_01_000001_create_cache_table ................................................................. 865.40ms DONE
  0001_01_01_000002_create_jobs_table ........................................................................ 1s DONE
  0001_01_01_000003_create_permission_tables ................................................................. 3s DONE
  0001_01_01_000004_create_departamentos_table ......................................................... 414.52ms DONE
  0001_01_01_000005_create_ciudades_table .............................................................. 460.77ms DONE
  0001_01_01_000006_create_clientes_table .................................................................... 1s DONE
  0001_01_01_000007_create_proveedores_table ................................................................. 1s DONE
  0001_01_01_000008_create_empresa_table ............................................................... 739.51ms DONE
  2025_05_25_041509_create_auditorias_table .................................................................. 1s DONE
  2026_02_24_010100_create_unidades_medida_table ....................................................... 231.42ms DONE
  2026_02_24_010200_create_categorias_table ............................................................ 462.27ms DONE
  2026_02_24_010300_create_marcas_table ................................................................ 417.94ms DONE
  2026_02_24_010400_create_impuestos_table ............................................................. 232.17ms DONE
  2026_02_24_010500_create_formas_pago_table ........................................................... 419.32ms DONE
  2026_02_24_010600_create_numeraciones_table .......................................................... 416.83ms DONE
  2026_02_24_020100_create_bancos_table ...................................................................... 1s DONE
  2026_02_24_020200_create_bodegas_table ..................................................................... 1s DONE
  2026_02_24_030100_create_productos_table ................................................................... 2s DONE
  2026_02_24_030200_create_stock_bodegas_table ............................................................... 1s DONE
  2026_02_24_030201_create_stock_bodega_lotes_table .................................................... 873.01ms DONE
  2026_02_24_030202_create_stock_bodega_serials_table .................................................. 839.28ms DONE
  2026_02_24_030300_create_movimientos_inventario_table ...................................................... 2s DONE
  2026_02_24_040100_create_cotizaciones_table ................................................................ 1s DONE
  2026_02_24_040200_create_detalle_cotizaciones_table ........................................................ 1s DONE
  2026_02_24_040300_create_remisiones_table .................................................................. 2s DONE
  2026_02_24_040400_create_detalle_remisiones_table .......................................................... 1s DONE
  2026_02_24_040500_create_ventas_table ...................................................................... 2s DONE
  2026_02_24_040600_create_detalle_ventas_table .............................................................. 1s DONE
  2026_02_24_040700_create_compras_table ..................................................................... 1s DONE
  2026_02_24_040800_create_detalle_compras_table ............................................................. 1s DONE
  2026_02_24_050100_create_pago_clientes_table ............................................................... 2s DONE
  2026_02_24_050200_create_pago_proveedores_table ............................................................ 2s DONE
  2026_02_24_050300_create_movimientos_bancos_table .......................................................... 1s DONE
  2026_02_24_060100_create_historico_precios_table ........................................................... 1s DONE
  2026_02_28_500000_create_formula_transformaciones_table .................................................... 2s DONE
  2026_03_01_000002_create_auditoria_documentos_table .................................................. 666.62ms DONE
  2026_03_02_000000_create_transformaciones_tables ........................................................... 2s DONE
  2026_03_04_000001_create_traslados_tables .................................................................. 2s DONE
  2026_03_05_000001_create_cajas_table ................................................................. 645.44ms DONE
  2026_03_05_000002_create_movimientos_cajas_table ........................................................... 1s DONE
  2026_03_07_100000_create_notifications_table ......................................................... 406.59ms DONE
  2026_03_11_000001_create_devoluciones_table ................................................................ 1s DONE
  2026_03_11_000002_create_detalles_devoluciones_table ....................................................... 1s DONE
  2026_03_11_000003_create_movimientos_saldo_cliente_table ................................................... 1s DONE
  2026_03_16_000001_create_ajustes_inventario_table .......................................................... 1s DONE
  2026_03_16_000002_create_detalle_ajustes_inventario_table .................................................. 1s DONE
  2026_03_16_000003_create_conteos_fisicos_table ............................................................. 1s DONE
  2026_03_16_000004_create_detalle_conteos_fisicos_table ..................................................... 1s DONE


   INFO  Seeding database.  

  Database\Seeders\RoleSeeder ................................................................................ RUNNING  
Roles y permisos granulares creados correctamente.
  Database\Seeders\RoleSeeder ......................................................................... 83,152 ms DONE  

  Database\Seeders\UserSeeder ................................................................................ RUNNING  
Usuario protegido creado: joseforozco@gmail.com
Usuario auxiliar creado: auxiliar@sigainv.test
Usuario contador creado: contador@sigainv.test
Usuario vendedor creado: vendedor@sigainv.test
Usuario cliente creado: cliente@sigainv.test
Usuarios de prueba creados correctamente.
Contraseña por defecto para todos: "password"
  Database\Seeders\UserSeeder .......................................................................... 6,498 ms DONE  

  Database\Seeders\DepartamentosSeeder ....................................................................... RUNNING  
  Database\Seeders\DepartamentosSeeder ................................................................... 367 ms DONE  

  Database\Seeders\CiudadesSeeder ............................................................................ RUNNING  
  Database\Seeders\ciudades\AmazonasSeeder ................................................................... RUNNING  
10 ciudades insertadas en el departamento del Amazonas.
  Database\Seeders\ciudades\AmazonasSeeder ............................................................. 2,039 ms DONE  

  Database\Seeders\ciudades\AntioquiaSeeder .................................................................. RUNNING  
117 ciudades insertadas en el departamento de Antioquia.
  Database\Seeders\ciudades\AntioquiaSeeder ........................................................... 22,109 ms DONE  

  Database\Seeders\ciudades\AraucaSeeder ..................................................................... RUNNING  
7 ciudades insertadas en el departamento de Arauca.
  Database\Seeders\ciudades\AraucaSeeder ............................................................... 1,487 ms DONE  

  Database\Seeders\ciudades\AtlanticoSeeder .................................................................. RUNNING  
39 ciudades insertadas en el departamento de Atlántico.
  Database\Seeders\ciudades\AtlanticoSeeder ............................................................ 7,448 ms DONE  

  Database\Seeders\ciudades\BogotaSeeder ..................................................................... RUNNING  
Se insertó la ciudad BOGOTÁ.
  Database\Seeders\ciudades\BogotaSeeder ................................................................. 551 ms DONE  

  Database\Seeders\ciudades\BolivarSeeder .................................................................... RUNNING  
44 ciudades insertadas en el departamento de Bolívar.
  Database\Seeders\ciudades\BolivarSeeder .............................................................. 8,377 ms DONE  

  Database\Seeders\ciudades\BoyacaSeeder ..................................................................... RUNNING  
109 ciudades insertadas en el departamento de Boyacá.
  Database\Seeders\ciudades\BoyacaSeeder .............................................................. 20,513 ms DONE  

  Database\Seeders\ciudades\CaldasSeeder ..................................................................... RUNNING  
44 ciudades insertadas en el departamento de Caldas.
  Database\Seeders\ciudades\CaldasSeeder ............................................................... 8,344 ms DONE  

  Database\Seeders\ciudades\CaquetaSeeder .................................................................... RUNNING  
17 ciudades insertadas en el departamento de Caquetá.
  Database\Seeders\ciudades\CaquetaSeeder .............................................................. 3,335 ms DONE  

  Database\Seeders\ciudades\CasanareSeeder ................................................................... RUNNING  
22 ciudades insertadas en el departamento de Casanare.
  Database\Seeders\ciudades\CasanareSeeder ............................................................. 4,277 ms DONE  

  Database\Seeders\ciudades\CaucaSeeder ...................................................................... RUNNING  
43 ciudades insertadas en el departamento del Cauca.
  Database\Seeders\ciudades\CaucaSeeder ................................................................ 8,170 ms DONE  

  Database\Seeders\ciudades\CesarSeeder ...................................................................... RUNNING  
23 ciudades insertadas en el departamento del Cesar.
  Database\Seeders\ciudades\CesarSeeder ................................................................ 4,451 ms DONE  

  Database\Seeders\ciudades\ChocoSeeder ...................................................................... RUNNING  
35 ciudades insertadas en el departamento del Chocó.
  Database\Seeders\ciudades\ChocoSeeder ................................................................ 6,706 ms DONE  

  Database\Seeders\ciudades\CordobaSeeder .................................................................... RUNNING  
29 ciudades insertadas en el departamento de Córdoba.
  Database\Seeders\ciudades\CordobaSeeder .............................................................. 5,580 ms DONE  

  Database\Seeders\ciudades\CundinamarcaSeeder ............................................................... RUNNING  
104 ciudades insertadas en el departamento de Cundinamarca.
  Database\Seeders\ciudades\CundinamarcaSeeder ........................................................ 19,570 ms DONE  

  Database\Seeders\ciudades\GuainiaSeeder .................................................................... RUNNING  
10 ciudades insertadas en el departamento de Guainía.
  Database\Seeders\ciudades\GuainiaSeeder .............................................................. 2,042 ms DONE  

  Database\Seeders\ciudades\GuaviareSeeder ................................................................... RUNNING  
10 ciudades insertadas en el departamento del Guaviare.
  Database\Seeders\ciudades\GuaviareSeeder ............................................................. 2,029 ms DONE  

  Database\Seeders\ciudades\HuilaSeeder ...................................................................... RUNNING  
45 ciudades insertadas en el departamento del Huila.
  Database\Seeders\ciudades\HuilaSeeder ................................................................ 8,583 ms DONE  

  Database\Seeders\ciudades\LaGuajiraSeeder .................................................................. RUNNING  
25 ciudades insertadas en el departamento de La Guajira.
  Database\Seeders\ciudades\LaGuajiraSeeder ............................................................ 4,825 ms DONE  

  Database\Seeders\ciudades\MagdalenaSeeder .................................................................. RUNNING  
35 ciudades insertadas en el departamento del Magdalena.
  Database\Seeders\ciudades\MagdalenaSeeder ............................................................ 6,692 ms DONE  

  Database\Seeders\ciudades\MetaSeeder ....................................................................... RUNNING  
47 ciudades insertadas en el departamento del Meta.
  Database\Seeders\ciudades\MetaSeeder ................................................................. 8,915 ms DONE  

  Database\Seeders\ciudades\NarinoSeeder ..................................................................... RUNNING  
66 ciudades insertadas en el departamento de Nariño.
  Database\Seeders\ciudades\NarinoSeeder .............................................................. 12,494 ms DONE  

  Database\Seeders\ciudades\NorteDeSantanderSeeder ........................................................... RUNNING  
38 ciudades insertadas en el departamento de Norte de Santander.
  Database\Seeders\ciudades\NorteDeSantanderSeeder .................................................... 14,162 ms DONE  

  Database\Seeders\ciudades\PutumayoSeeder ................................................................... RUNNING  
22 ciudades insertadas en el departamento de Putumayo.
  Database\Seeders\ciudades\PutumayoSeeder ............................................................. 4,280 ms DONE  

  Database\Seeders\ciudades\QuindioSeeder .................................................................... RUNNING  
14 ciudades insertadas en el departamento del Quindío.
  Database\Seeders\ciudades\QuindioSeeder .............................................................. 2,791 ms DONE  

  Database\Seeders\ciudades\RisaraldaSeeder .................................................................. RUNNING  
24 ciudades insertadas en el departamento de Risaralda.
  Database\Seeders\ciudades\RisaraldaSeeder ............................................................ 4,623 ms DONE  

  Database\Seeders\ciudades\SanAndresSeeder .................................................................. RUNNING  
10 ciudades insertadas en el departamento de San Andrés y Providencia.
  Database\Seeders\ciudades\SanAndresSeeder ............................................................ 2,047 ms DONE  

  Database\Seeders\ciudades\SantanderSeeder .................................................................. RUNNING  
85 ciudades insertadas en el departamento de Santander.
  Database\Seeders\ciudades\SantanderSeeder ........................................................... 15,995 ms DONE  

  Database\Seeders\ciudades\SucreSeeder ...................................................................... RUNNING  
30 ciudades insertadas en el departamento de Sucre.
  Database\Seeders\ciudades\SucreSeeder ................................................................ 5,764 ms DONE  

  Database\Seeders\ciudades\TolimaSeeder ..................................................................... RUNNING  
42 ciudades insertadas en el departamento del Tolima.
  Database\Seeders\ciudades\TolimaSeeder ............................................................... 8,003 ms DONE  

  Database\Seeders\ciudades\ValleDelCaucaSeeder .............................................................. RUNNING  
38 ciudades insertadas en el departamento del Valle del Cauca.
  Database\Seeders\ciudades\ValleDelCaucaSeeder ........................................................ 7,204 ms DONE  

  Database\Seeders\ciudades\VaupesSeeder ..................................................................... RUNNING  
10 ciudades insertadas en el departamento de Vaupés.
  Database\Seeders\ciudades\VaupesSeeder ............................................................... 2,044 ms DONE  

  Database\Seeders\ciudades\VichadaSeeder .................................................................... RUNNING  
10 ciudades insertadas en el departamento de Vichada.
  Database\Seeders\ciudades\VichadaSeeder .............................................................. 2,040 ms DONE  

  Database\Seeders\CiudadesSeeder .................................................................... 237,627 ms DONE  

  Database\Seeders\ClientesSeeder ............................................................................ RUNNING  
  Database\Seeders\ClientesSeeder ........................................................................ 573 ms DONE  

  Database\Seeders\ProveedoresSeeder ......................................................................... RUNNING  
  Database\Seeders\ProveedoresSeeder ..................................................................... 549 ms DONE  

  Database\Seeders\UnidadesMedidaSeeder ...................................................................... RUNNING  
  Database\Seeders\UnidadesMedidaSeeder ................................................................ 9,964 ms DONE  

  Database\Seeders\CategoriasSeeder .......................................................................... RUNNING  
  Database\Seeders\CategoriasSeeder .................................................................... 3,655 ms DONE  

  Database\Seeders\ImpuestosSeeder ........................................................................... RUNNING  
  Database\Seeders\ImpuestosSeeder ..................................................................... 4,025 ms DONE  

  Database\Seeders\FormasPagoSeeder .......................................................................... RUNNING  
  Database\Seeders\FormasPagoSeeder .................................................................... 3,661 ms DONE  

  Database\Seeders\BodegasSeeder ............................................................................. RUNNING  
  Database\Seeders\BodegasSeeder ......................................................................... 548 ms DONE  

✓ Seeders ejecutados correctamente.
----------------------------------------
 ExitCode  : 0 (OK)
 Duracion  : 532,13s
 Log       : D:\www\Web\sigaInv\logs\migration_20260320_011005.log
========================================
