========================================
 MIGRATION LOG
========================================
 Fecha     : 2026-05-09 13:31:17
 Entorno   : local
 Directorio: D:\www\Web\sigaInv
 SkipSeed  : False
 Force     : False
========================================

 Ejecutando: php artisan migrate:fresh --force --seed
----------------------------------------

  Dropping all tables ....................................................................................... 28s DONE

   INFO  Preparing database.  

  Creating migration table ............................................................................. 642.34ms DONE

   INFO  Running migrations.  

  0001_01_01_000000_create_users_table ....................................................................... 2s DONE
  0001_01_01_000001_create_cache_table ....................................................................... 2s DONE
  0001_01_01_000002_create_jobs_table ........................................................................ 2s DONE
  0001_01_01_000003_create_permission_tables ................................................................. 9s DONE
  0001_01_01_000004_create_departamentos_table ......................................................... 835.21ms DONE
  0001_01_01_000005_create_ciudades_table .................................................................... 2s DONE
  0001_01_01_000006_create_clientes_table ................................................................... 11s DONE
  0001_01_01_000007_create_proveedores_table ................................................................. 9s DONE
  0001_01_01_000008_create_empresa_table ..................................................................... 6s DONE
  2025_05_25_041509_create_auditorias_table .................................................................. 7s DONE
  2026_02_24_010100_create_unidades_medida_table ....................................................... 957.66ms DONE
  2026_02_24_010200_create_categorias_table .................................................................. 3s DONE
